<?xml version="1.0" encoding="UTF-8"?>
<!-- Generated by org.testng.reporters.JUnitReportReporter -->
<testsuite hostname="alex-pc" failures="0" tests="1" name="desafios.Desafio1" time="6.639" errors="0" timestamp="2022-05-11T12:26:04 BRT" skipped="0">
  <testcase classname="desafios.Desafio1" name="desafio1" time="6.639"/>
  <system-out/>
</testsuite> <!-- desafios.Desafio1 -->
