<?xml version="1.0" encoding="UTF-8"?>
<!-- Generated by org.testng.reporters.JUnitReportReporter -->
<testsuite hostname="alex-pc" failures="0" tests="1" name="desafios.Desafio2" time="7.152" errors="0" timestamp="2022-05-11T11:03:04 BRT" skipped="0">
  <testcase classname="desafios.Desafio2" name="desafio1" time="7.152"/>
  <system-out/>
</testsuite> <!-- desafios.Desafio2 -->
